<?xml version="1.0" encoding="UTF-8"?>
<testsuite name="org.example.SILab2Test" tests="1" skipped="0" failures="0" errors="0" timestamp="2023-05-26T00:50:19" hostname="DESKTOP-JI4LRBO" time="0.034">
  <properties/>
  <testcase name="MultipleCondition()" classname="org.example.SILab2Test" time="0.034"/>
  <system-out><![CDATA[]]></system-out>
  <system-err><![CDATA[]]></system-err>
</testsuite>
